<?xml version="1.0" encoding="UTF-8"?>
<testng-results ignored="0" total="1" passed="1" failed="0" skipped="0">
  <reporter-output>
  </reporter-output>
  <suite started-at="2022-09-06T10:09:24 EDT" name="Default suite" finished-at="2022-09-06T10:09:35 EDT" duration-ms="11338">
    <groups>
    </groups>
    <test started-at="2022-09-06T10:09:24 EDT" name="Default test" finished-at="2022-09-06T10:09:35 EDT" duration-ms="11338">
      <class name="javaselenium.TestTestNG02">
        <test-method signature="googleSearch()[pri:0, instance:javaselenium.TestTestNG02@4b0d79fc]" started-at="2022-09-06T10:09:24 EDT" name="googleSearch" finished-at="2022-09-06T10:09:35 EDT" duration-ms="11263" status="PASS">
          <reporter-output>
          </reporter-output>
        </test-method> <!-- googleSearch -->
      </class> <!-- javaselenium.TestTestNG02 -->
    </test> <!-- Default test -->
  </suite> <!-- Default suite -->
</testng-results>
